2026-01-11 12:37:17 [INFO] Logger initialized
2026-01-11 12:38:06 [INFO] Logger initialized
2026-01-11 12:43:02 [INFO] Global logger initialized
2026-01-11 12:45:00 [INFO] Global logger initialized
2026-01-11 12:48:20 [INFO] Global logger initialized
2026-01-11 12:48:20 [INFO] Global logger initialized
2026-01-11 12:48:21 [INFO] go_home
2026-01-11 12:48:21 [INFO] GUI started
2026-01-11 12:48:24 [INFO] go_rt
2026-01-11 12:48:24 [INFO] go_rt
2026-01-11 12:48:25 [INFO] go_live_can_input
2026-01-11 12:48:25 [INFO] go_live_can_input
2026-01-11 12:48:27 [INFO] run_live_can
2026-01-11 12:48:27 [INFO] run_live_can
2026-01-11 12:48:27 [INFO] start_monitor
2026-01-11 12:48:29 [INFO] go_rt
2026-01-11 12:48:29 [INFO] go_rt
2026-01-11 12:48:30 [INFO] go_home
2026-01-11 12:48:30 [INFO] go_home
2026-01-11 13:17:26 [INFO] Global logger initialized
2026-01-11 13:17:26 [INFO] Global logger initialized
2026-01-11 13:20:19 [INFO] Global logger initialized
2026-01-11 13:20:19 [INFO] Global logger initialized
2026-01-11 13:20:49 [INFO] Global logger initialized
2026-01-11 13:20:49 [INFO] Global logger initialized
2026-01-11 13:21:13 [INFO] Global logger initialized
2026-01-11 13:21:13 [INFO] Global logger initialized
2026-01-11 13:21:13 [WARNING] GsUsbBus was not properly shut down
2026-01-11 13:28:12 [INFO] Global logger initialized
2026-01-11 13:28:12 [INFO] Global logger initialized
2026-01-11 13:28:57 [INFO] Global logger initialized
2026-01-11 13:28:57 [INFO] Global logger initialized
2026-01-11 13:28:57 [INFO] go_home
2026-01-11 13:28:57 [INFO] GUI started
2026-01-11 13:28:59 [INFO] go_rt
2026-01-11 13:28:59 [INFO] go_rt_setup
2026-01-11 13:29:02 [INFO] go_home
2026-01-11 13:29:02 [INFO] go_home
2026-01-11 13:29:03 [INFO] go_pp
2026-01-11 13:29:03 [INFO] go_pp
2026-01-11 13:29:14 [INFO] run_pp
2026-01-11 13:29:14 [INFO] run_pp
2026-01-11 13:31:13 [INFO] Global logger initialized
2026-01-11 13:31:13 [INFO] Global logger initialized
2026-01-11 13:31:13 [INFO] go_home
2026-01-11 13:31:13 [INFO] GUI started
2026-01-11 13:31:14 [INFO] go_pp
2026-01-11 13:31:14 [INFO] go_pp
2026-01-11 13:31:21 [INFO] run_pp
2026-01-11 13:31:21 [INFO] run_pp
2026-01-11 13:33:29 [INFO] Global logger initialized
2026-01-11 13:33:29 [INFO] Global logger initialized
2026-01-11 13:33:29 [INFO] go_home
2026-01-11 13:33:29 [INFO] GUI started
2026-01-11 13:33:30 [INFO] go_pp
2026-01-11 13:33:30 [INFO] go_pp
2026-01-11 13:33:36 [INFO] run_pp
2026-01-11 13:33:36 [INFO] run_pp
2026-01-11 13:35:05 [INFO] Global logger initialized
2026-01-11 13:35:05 [INFO] Global logger initialized
2026-01-11 13:35:06 [INFO] go_home
2026-01-11 13:35:06 [INFO] GUI started
2026-01-11 13:35:07 [INFO] go_pp
2026-01-11 13:35:07 [INFO] go_pp
2026-01-11 13:35:12 [INFO] run_pp
2026-01-11 13:35:12 [INFO] run_pp
2026-01-11 13:36:03 [INFO] Global logger initialized
2026-01-11 13:36:03 [INFO] Global logger initialized
2026-01-11 13:36:03 [INFO] go_home
2026-01-11 13:36:03 [INFO] GUI started
2026-01-11 13:36:04 [INFO] go_pp
2026-01-11 13:36:04 [INFO] go_pp
2026-01-11 13:36:09 [INFO] run_pp
2026-01-11 13:36:09 [INFO] run_pp
2026-01-11 13:37:11 [INFO] Global logger initialized
2026-01-11 13:37:11 [INFO] Global logger initialized
2026-01-11 13:37:11 [INFO] go_home
2026-01-11 13:37:11 [INFO] GUI started
2026-01-11 13:37:12 [INFO] go_pp
2026-01-11 13:37:12 [INFO] go_pp
2026-01-11 13:37:26 [INFO] run_pp
2026-01-11 13:37:26 [INFO] run_pp
2026-01-11 13:42:32 [INFO] Global logger initialized
2026-01-11 13:42:32 [INFO] Global logger initialized
2026-01-11 13:42:32 [INFO] go_home
2026-01-11 13:42:32 [INFO] GUI started
2026-01-11 13:42:33 [INFO] go_pp
2026-01-11 13:42:33 [INFO] go_pp
2026-01-11 13:42:38 [INFO] run_pp
2026-01-11 13:42:38 [INFO] run_pp
2026-01-11 13:45:57 [INFO] go_pp
2026-01-11 13:45:58 [INFO] go_home
2026-01-11 13:45:58 [INFO] go_home
2026-01-11 13:46:00 [INFO] Global logger initialized
2026-01-11 13:46:00 [INFO] Global logger initialized
2026-01-11 13:46:00 [INFO] go_home
2026-01-11 13:46:00 [INFO] GUI started
2026-01-11 13:46:01 [INFO] go_pp
2026-01-11 13:46:01 [INFO] go_pp
2026-01-11 13:46:06 [INFO] run_pp
2026-01-11 13:46:06 [INFO] run_pp
2026-01-11 13:46:16 [INFO] go_pp
2026-01-11 13:46:30 [INFO] Global logger initialized
2026-01-11 13:46:30 [INFO] Global logger initialized
2026-01-11 13:46:30 [INFO] go_home
2026-01-11 13:46:30 [INFO] GUI started
2026-01-11 13:46:31 [INFO] go_pp
2026-01-11 13:46:31 [INFO] go_pp
2026-01-11 13:46:39 [INFO] run_pp
2026-01-11 13:46:39 [INFO] run_pp
2026-01-11 13:47:28 [INFO] go_pp
2026-01-11 13:47:29 [INFO] go_home
2026-01-11 13:47:29 [INFO] go_home
2026-01-11 13:49:03 [INFO] Global logger initialized
2026-01-11 13:49:03 [INFO] Global logger initialized
2026-01-11 13:49:04 [INFO] go_home
2026-01-11 13:49:04 [INFO] GUI started
2026-01-11 13:49:05 [INFO] go_pp
2026-01-11 13:49:05 [INFO] go_pp
2026-01-11 13:49:12 [INFO] run_pp
2026-01-11 13:49:12 [INFO] run_pp
2026-01-11 13:49:16 [INFO] go_pp
2026-01-11 13:49:17 [INFO] go_home
2026-01-11 13:49:17 [INFO] go_home
2026-01-11 13:49:35 [INFO] Global logger initialized
2026-01-11 13:49:35 [INFO] Global logger initialized
2026-01-11 13:49:35 [INFO] go_home
2026-01-11 13:49:35 [INFO] GUI started
2026-01-11 13:49:36 [INFO] go_pp
2026-01-11 13:49:36 [INFO] go_pp
2026-01-11 13:49:42 [INFO] run_pp
2026-01-11 13:49:42 [INFO] run_pp
2026-01-11 13:49:45 [INFO] go_pp
2026-01-11 13:49:46 [INFO] go_home
2026-01-11 13:49:46 [INFO] go_home
2026-01-11 13:50:20 [INFO] Global logger initialized
2026-01-11 13:50:20 [INFO] Global logger initialized
2026-01-11 13:50:21 [INFO] go_home
2026-01-11 13:50:21 [INFO] GUI started
2026-01-11 13:50:22 [INFO] go_pp
2026-01-11 13:50:22 [INFO] go_pp
2026-01-11 13:50:26 [INFO] run_pp
2026-01-11 13:50:26 [INFO] run_pp
2026-01-11 13:50:30 [INFO] go_pp
2026-01-11 13:51:30 [INFO] Global logger initialized
2026-01-11 13:51:30 [INFO] Global logger initialized
2026-01-11 13:51:30 [INFO] go_home
2026-01-11 13:51:30 [INFO] GUI started
2026-01-11 13:51:31 [INFO] go_pp
2026-01-11 13:51:31 [INFO] go_pp
2026-01-11 13:51:36 [INFO] run_pp
2026-01-11 13:51:36 [INFO] run_pp
2026-01-11 13:51:42 [INFO] go_pp
2026-01-11 13:51:44 [INFO] go_home
2026-01-11 13:51:44 [INFO] go_home
2026-01-11 13:52:25 [INFO] Global logger initialized
2026-01-11 13:52:25 [INFO] Global logger initialized
2026-01-11 13:52:25 [INFO] go_home
2026-01-11 13:52:25 [INFO] GUI started
2026-01-11 13:52:26 [INFO] go_pp
2026-01-11 13:52:26 [INFO] go_pp
2026-01-11 13:52:31 [INFO] run_pp
2026-01-11 13:52:31 [INFO] run_pp
2026-01-11 13:52:38 [INFO] go_pp
2026-01-11 13:53:02 [INFO] Global logger initialized
2026-01-11 13:53:02 [INFO] Global logger initialized
2026-01-11 13:53:03 [INFO] go_home
2026-01-11 13:53:03 [INFO] GUI started
2026-01-11 13:53:04 [INFO] go_pp
2026-01-11 13:53:04 [INFO] go_pp
2026-01-11 13:53:09 [INFO] run_pp
2026-01-11 13:53:09 [INFO] run_pp
2026-01-11 13:53:36 [INFO] Global logger initialized
2026-01-11 13:53:36 [INFO] Global logger initialized
2026-01-11 13:53:36 [INFO] go_home
2026-01-11 13:53:36 [INFO] GUI started
2026-01-11 13:53:38 [INFO] go_pp
2026-01-11 13:53:38 [INFO] go_pp
2026-01-11 13:53:42 [INFO] run_pp
2026-01-11 13:53:42 [INFO] run_pp
2026-01-11 13:54:02 [INFO] Global logger initialized
2026-01-11 13:54:02 [INFO] Global logger initialized
2026-01-11 13:54:02 [INFO] go_home
2026-01-11 13:54:02 [INFO] GUI started
2026-01-11 13:54:03 [INFO] go_pp
2026-01-11 13:54:03 [INFO] go_pp
2026-01-11 13:54:10 [INFO] run_pp
2026-01-11 13:54:10 [INFO] run_pp
2026-01-11 13:54:29 [INFO] Global logger initialized
2026-01-11 13:54:29 [INFO] Global logger initialized
2026-01-11 13:54:29 [INFO] go_home
2026-01-11 13:54:29 [INFO] GUI started
2026-01-11 13:54:31 [INFO] go_pp
2026-01-11 13:54:31 [INFO] go_pp
2026-01-11 13:54:38 [INFO] run_pp
2026-01-11 13:54:38 [INFO] run_pp
2026-01-11 13:54:45 [INFO] go_pp
2026-01-11 13:56:13 [INFO] go_home
2026-01-11 13:56:13 [INFO] go_home
2026-01-11 13:56:15 [INFO] Global logger initialized
2026-01-11 13:56:15 [INFO] Global logger initialized
2026-01-11 13:56:15 [INFO] go_home
2026-01-11 13:56:15 [INFO] GUI started
2026-01-11 13:56:16 [INFO] go_pp
2026-01-11 13:56:16 [INFO] go_pp
2026-01-11 13:56:21 [INFO] run_pp
2026-01-11 13:56:21 [INFO] run_pp
2026-01-11 13:56:33 [INFO] go_pp
2026-01-11 13:56:35 [INFO] go_home
2026-01-11 13:56:35 [INFO] go_home
2026-01-11 13:58:03 [INFO] Global logger initialized
2026-01-11 13:58:03 [INFO] Global logger initialized
2026-01-11 13:58:03 [INFO] go_home
2026-01-11 13:58:03 [INFO] GUI started
2026-01-11 13:58:04 [INFO] go_pp
2026-01-11 13:58:04 [INFO] go_pp
2026-01-11 13:58:09 [INFO] run_pp
2026-01-11 13:58:09 [INFO] run_pp
2026-01-11 13:58:13 [INFO] go_pp
2026-01-11 13:59:05 [INFO] Global logger initialized
2026-01-11 13:59:05 [INFO] Global logger initialized
2026-01-11 13:59:05 [INFO] go_home
2026-01-11 13:59:05 [INFO] GUI started
2026-01-11 13:59:06 [INFO] go_pp
2026-01-11 13:59:06 [INFO] go_pp
2026-01-11 13:59:12 [INFO] run_pp
2026-01-11 13:59:12 [INFO] run_pp
2026-01-11 14:01:43 [INFO] go_pp
2026-01-11 14:01:45 [INFO] go_home
2026-01-11 14:01:45 [INFO] go_home
2026-01-11 14:01:46 [INFO] go_rt
2026-01-11 14:01:46 [INFO] go_rt_setup
2026-01-11 14:01:47 [INFO] go_rt_menu
2026-01-11 14:01:47 [INFO] go_rt_menu
2026-01-11 14:01:50 [INFO] go_live_can_input
2026-01-11 14:01:50 [INFO] go_live_can_input
2026-01-11 14:01:53 [INFO] run_live_can
2026-01-11 14:01:53 [INFO] run_live_can
2026-01-11 14:01:53 [INFO] start_monitor
2026-01-11 14:03:15 [INFO] Global logger initialized
2026-01-11 14:03:15 [INFO] Global logger initialized
2026-01-11 14:03:15 [INFO] go_home
2026-01-11 14:03:15 [INFO] GUI started
2026-01-11 14:03:16 [INFO] go_rt
2026-01-11 14:03:16 [INFO] go_rt_setup
2026-01-11 14:03:17 [INFO] go_rt_menu
2026-01-11 14:03:17 [INFO] go_rt_menu
2026-01-11 14:03:19 [INFO] go_auto_detect
2026-01-11 14:03:19 [INFO] go_auto_detect
2026-01-11 14:03:21 [INFO] go_rt
2026-01-11 14:03:21 [INFO] go_rt_setup
2026-01-11 14:03:23 [INFO] go_rt_menu
2026-01-11 14:03:23 [INFO] go_rt_menu
2026-01-11 14:03:24 [INFO] go_replay_log_input
2026-01-11 14:03:24 [INFO] go_replay_log_input
2026-01-11 14:03:32 [INFO] go_rt
2026-01-11 14:03:32 [INFO] go_rt_setup
2026-01-11 14:03:33 [INFO] go_home
2026-01-11 14:03:33 [INFO] go_home
2026-01-11 14:03:57 [INFO] Global logger initialized
2026-01-11 14:03:57 [INFO] Global logger initialized
2026-01-11 14:03:57 [INFO] go_home
2026-01-11 14:03:57 [INFO] GUI started
2026-01-11 14:04:08 [INFO] go_pp
2026-01-11 14:04:08 [INFO] go_pp
2026-01-11 14:04:17 [INFO] run_pp
2026-01-11 14:04:17 [INFO] run_pp
2026-01-11 14:04:34 [INFO] go_pp
2026-01-11 14:04:38 [INFO] run_pp
2026-01-11 14:04:38 [INFO] run_pp
2026-01-11 15:28:32 [INFO] Global logger initialized
2026-01-11 15:28:32 [INFO] Global logger initialized
2026-01-11 15:28:32 [INFO] go_home
2026-01-11 15:28:32 [INFO] GUI started
2026-01-11 15:28:35 [INFO] go_pp
2026-01-11 15:28:35 [INFO] go_pp
2026-01-11 15:28:42 [INFO] run_pp
2026-01-11 15:28:42 [INFO] run_pp
2026-01-11 15:28:52 [INFO] go_pp
2026-01-11 15:28:55 [INFO] go_home
2026-01-11 15:28:55 [INFO] go_home
2026-01-24 08:14:06 [INFO] Global logger initialized
2026-01-24 08:14:06 [INFO] Global logger initialized
2026-01-24 08:14:06 [INFO] go_home
2026-01-24 08:14:06 [INFO] GUI started
2026-01-24 08:14:08 [INFO] go_pp
2026-01-24 08:14:08 [INFO] go_pp
2026-01-24 08:14:14 [INFO] run_pp
2026-01-24 08:14:14 [INFO] run_pp
2026-01-24 08:14:42 [INFO] Global logger initialized
2026-01-24 08:14:42 [INFO] Global logger initialized
2026-01-24 08:14:42 [INFO] go_home
2026-01-24 08:14:42 [INFO] GUI started
2026-01-24 08:14:43 [INFO] go_pp
2026-01-24 08:14:43 [INFO] go_pp
2026-01-24 08:14:51 [INFO] run_pp
2026-01-24 08:14:51 [INFO] run_pp
2026-01-24 08:15:10 [INFO] go_pp
2026-01-24 08:19:48 [INFO] Global logger initialized
2026-01-24 08:19:48 [INFO] Global logger initialized
2026-01-24 08:19:48 [INFO] go_home
2026-01-24 08:19:48 [INFO] GUI started
2026-01-24 08:19:55 [INFO] go_pp
2026-01-24 08:19:55 [INFO] go_pp
2026-01-24 08:20:09 [INFO] run_pp
2026-01-24 08:20:09 [INFO] run_pp
2026-01-24 08:21:23 [INFO] Global logger initialized
2026-01-24 08:21:23 [INFO] Global logger initialized
2026-01-24 08:21:23 [INFO] go_home
2026-01-24 08:21:23 [INFO] GUI started
2026-01-24 08:21:24 [INFO] go_pp
2026-01-24 08:21:24 [INFO] go_pp
2026-01-24 08:21:32 [INFO] run_pp
2026-01-24 08:21:32 [INFO] run_pp
2026-01-24 08:23:41 [INFO] Global logger initialized
2026-01-24 08:23:41 [INFO] Global logger initialized
2026-01-24 08:23:41 [INFO] go_home
2026-01-24 08:23:41 [INFO] GUI started
2026-01-24 08:23:42 [INFO] go_pp
2026-01-24 08:23:42 [INFO] go_pp
2026-01-24 08:23:51 [INFO] run_pp
2026-01-24 08:23:51 [INFO] run_pp
2026-01-24 08:26:56 [INFO] Global logger initialized
2026-01-24 08:26:56 [INFO] Global logger initialized
2026-01-24 08:26:56 [INFO] go_home
2026-01-24 08:26:56 [INFO] GUI started
2026-01-24 08:26:57 [INFO] go_pp
2026-01-24 08:26:57 [INFO] go_pp
2026-01-24 08:27:11 [INFO] run_pp
2026-01-24 08:27:11 [INFO] run_pp
2026-01-24 08:27:17 [INFO] go_pp
2026-01-24 08:28:35 [INFO] Global logger initialized
2026-01-24 08:28:35 [INFO] Global logger initialized
2026-01-24 08:28:35 [INFO] go_home
2026-01-24 08:28:35 [INFO] GUI started
2026-01-24 08:28:37 [INFO] go_pp
2026-01-24 08:28:37 [INFO] go_pp
2026-01-24 08:28:46 [INFO] run_pp
2026-01-24 08:28:46 [INFO] run_pp
2026-01-24 08:29:05 [INFO] Global logger initialized
2026-01-24 08:29:05 [INFO] Global logger initialized
2026-01-24 08:29:06 [INFO] go_home
2026-01-24 08:29:06 [INFO] GUI started
2026-01-24 08:29:07 [INFO] go_pp
2026-01-24 08:29:07 [INFO] go_pp
2026-01-24 08:29:13 [INFO] run_pp
2026-01-24 08:29:13 [INFO] run_pp
2026-01-24 08:29:47 [INFO] Global logger initialized
2026-01-24 08:29:47 [INFO] Global logger initialized
2026-01-24 08:29:47 [INFO] go_home
2026-01-24 08:29:47 [INFO] GUI started
2026-01-24 08:29:48 [INFO] go_pp
2026-01-24 08:29:48 [INFO] go_pp
2026-01-24 08:29:54 [INFO] run_pp
2026-01-24 08:29:54 [INFO] run_pp
2026-01-24 08:29:58 [INFO] go_pp
2026-01-24 08:30:02 [INFO] run_pp
2026-01-24 08:30:02 [INFO] run_pp
2026-01-24 08:30:20 [INFO] go_pp
2026-01-24 08:30:23 [INFO] run_pp
2026-01-24 08:30:23 [INFO] run_pp
2026-01-24 08:30:27 [INFO] go_pp
2026-01-24 08:31:32 [INFO] Global logger initialized
2026-01-24 08:31:32 [INFO] Global logger initialized
2026-01-24 08:31:33 [INFO] go_home
2026-01-24 08:31:33 [INFO] GUI started
2026-01-24 08:31:34 [INFO] go_pp
2026-01-24 08:31:34 [INFO] go_pp
2026-01-24 08:31:39 [INFO] run_pp
2026-01-24 08:31:39 [INFO] run_pp
2026-01-24 08:32:02 [INFO] go_pp
2026-01-24 08:32:03 [INFO] go_home
2026-01-24 08:32:03 [INFO] go_home
2026-01-24 08:38:00 [INFO] Global logger initialized
2026-01-24 08:38:00 [INFO] Global logger initialized
2026-01-24 08:38:01 [INFO] go_home
2026-01-24 08:38:01 [INFO] GUI started
2026-01-24 08:38:02 [INFO] go_pp
2026-01-24 08:38:02 [INFO] go_pp
2026-01-24 08:38:15 [INFO] run_pp
2026-01-24 08:38:15 [INFO] run_pp
2026-01-24 08:39:15 [INFO] Global logger initialized
2026-01-24 08:39:15 [INFO] Global logger initialized
2026-01-24 08:39:15 [INFO] go_home
2026-01-24 08:39:15 [INFO] GUI started
2026-01-24 08:39:17 [INFO] go_pp
2026-01-24 08:39:17 [INFO] go_pp
2026-01-24 08:39:26 [INFO] run_pp
2026-01-24 08:39:26 [INFO] run_pp
2026-01-24 08:39:52 [INFO] Global logger initialized
2026-01-24 08:39:52 [INFO] Global logger initialized
2026-01-24 08:39:52 [INFO] go_home
2026-01-24 08:39:52 [INFO] GUI started
2026-01-24 08:40:18 [INFO] go_pp
2026-01-24 08:40:18 [INFO] go_pp
2026-01-24 08:40:29 [INFO] run_pp
2026-01-24 08:40:29 [INFO] run_pp
2026-01-24 08:45:25 [INFO] Global logger initialized
2026-01-24 08:45:25 [INFO] Global logger initialized
2026-01-24 08:45:25 [INFO] go_home
2026-01-24 08:45:25 [INFO] GUI started
2026-01-24 08:45:27 [INFO] go_pp
2026-01-24 08:45:27 [INFO] go_pp
2026-01-24 08:45:35 [INFO] run_pp
2026-01-24 08:45:35 [INFO] run_pp
2026-01-24 08:52:30 [INFO] Global logger initialized
2026-01-24 08:52:30 [INFO] Global logger initialized
2026-01-24 08:52:30 [INFO] go_home
2026-01-24 08:52:30 [INFO] GUI started
2026-01-24 08:52:43 [INFO] go_pp
2026-01-24 08:52:43 [INFO] go_pp
2026-01-24 08:52:55 [INFO] run_pp
2026-01-24 08:52:55 [INFO] run_pp
2026-01-24 08:54:05 [INFO] Global logger initialized
2026-01-24 08:54:05 [INFO] Global logger initialized
2026-01-24 08:54:05 [INFO] go_home
2026-01-24 08:54:05 [INFO] GUI started
2026-01-24 08:54:07 [INFO] go_pp
2026-01-24 08:54:07 [INFO] go_pp
2026-01-24 08:54:18 [INFO] run_pp
2026-01-24 08:54:18 [INFO] run_pp
2026-01-24 08:55:05 [INFO] Global logger initialized
2026-01-24 08:55:05 [INFO] Global logger initialized
2026-01-24 08:55:05 [INFO] go_home
2026-01-24 08:55:05 [INFO] GUI started
2026-01-24 08:55:06 [INFO] go_pp
2026-01-24 08:55:06 [INFO] go_pp
2026-01-24 08:55:15 [INFO] run_pp
2026-01-24 08:55:15 [INFO] run_pp
2026-01-24 08:56:21 [INFO] Global logger initialized
2026-01-24 08:56:21 [INFO] Global logger initialized
2026-01-24 08:56:21 [INFO] go_home
2026-01-24 08:56:21 [INFO] GUI started
2026-01-24 08:56:22 [INFO] go_pp
2026-01-24 08:56:22 [INFO] go_pp
2026-01-24 08:57:28 [INFO] Global logger initialized
2026-01-24 08:57:28 [INFO] Global logger initialized
2026-01-24 08:57:29 [INFO] go_home
2026-01-24 08:57:29 [INFO] GUI started
2026-01-24 08:57:30 [INFO] go_pp
2026-01-24 08:57:30 [INFO] go_pp
2026-01-24 08:57:40 [INFO] run_pp
2026-01-24 08:57:40 [INFO] run_pp
2026-01-24 09:09:44 [INFO] Global logger initialized
2026-01-24 09:09:44 [INFO] Global logger initialized
2026-01-24 09:09:44 [INFO] go_home
2026-01-24 09:09:44 [INFO] GUI started
2026-01-24 09:09:46 [INFO] go_pp
2026-01-24 09:09:46 [INFO] go_pp
2026-01-24 09:09:56 [INFO] run_pp
2026-01-24 09:09:56 [INFO] run_pp
2026-01-24 09:11:14 [INFO] Global logger initialized
2026-01-24 09:11:14 [INFO] Global logger initialized
2026-01-24 09:11:14 [INFO] go_home
2026-01-24 09:11:14 [INFO] GUI started
2026-01-24 09:11:16 [INFO] go_pp
2026-01-24 09:11:16 [INFO] go_pp
2026-01-24 09:11:24 [INFO] run_pp
2026-01-24 09:11:24 [INFO] run_pp
2026-01-24 09:13:56 [INFO] Global logger initialized
2026-01-24 09:13:56 [INFO] Global logger initialized
2026-01-24 09:13:56 [INFO] go_home
2026-01-24 09:13:56 [INFO] GUI started
2026-01-24 09:13:57 [INFO] go_pp
2026-01-24 09:13:57 [INFO] go_pp
2026-01-24 09:14:06 [INFO] run_pp
2026-01-24 09:14:06 [INFO] run_pp
2026-01-24 09:14:43 [INFO] go_pp
2026-01-24 09:14:56 [INFO] run_pp
2026-01-24 09:14:56 [INFO] run_pp
2026-01-24 09:15:15 [INFO] go_pp
2026-01-24 09:15:17 [INFO] go_home
2026-01-24 09:15:17 [INFO] go_home
2026-01-24 09:16:56 [INFO] Global logger initialized
2026-01-24 09:16:56 [INFO] Global logger initialized
2026-01-24 09:16:57 [INFO] go_home
2026-01-24 09:16:57 [INFO] GUI started
2026-01-24 09:16:57 [INFO] go_pp
2026-01-24 09:16:57 [INFO] go_pp
2026-01-24 09:17:02 [INFO] run_pp
2026-01-24 09:17:02 [INFO] run_pp
2026-01-24 09:17:23 [INFO] go_pp
2026-01-24 09:17:24 [INFO] go_home
2026-01-24 09:17:24 [INFO] go_home
2026-01-24 18:34:31 [INFO] Global logger initialized
2026-01-24 18:34:31 [INFO] Global logger initialized
2026-01-24 18:34:31 [INFO] go_home
2026-01-24 18:34:31 [INFO] GUI started
2026-01-24 18:34:37 [INFO] go_rt
2026-01-24 18:34:37 [INFO] go_rt_setup
2026-01-24 18:34:38 [INFO] go_rt_menu
2026-01-24 18:34:38 [INFO] go_rt_menu
2026-01-24 18:34:39 [INFO] go_live_can_input
2026-01-24 18:34:39 [INFO] go_live_can_input
2026-01-24 18:34:41 [INFO] run_live_can
2026-01-24 18:34:41 [INFO] run_live_can
2026-01-24 18:34:41 [INFO] start_monitor
2026-01-24 18:35:37 [INFO] Global logger initialized
2026-01-24 18:35:37 [INFO] Global logger initialized
2026-01-24 18:35:38 [INFO] go_home
2026-01-24 18:35:38 [INFO] GUI started
2026-01-24 18:35:39 [INFO] go_rt
2026-01-24 18:35:39 [INFO] go_rt_setup
2026-01-24 18:35:40 [INFO] go_rt_menu
2026-01-24 18:35:40 [INFO] go_rt_menu
2026-01-24 18:35:41 [INFO] go_live_can_input
2026-01-24 18:35:41 [INFO] go_live_can_input
2026-01-24 18:35:42 [INFO] run_live_can
2026-01-24 18:35:42 [INFO] run_live_can
2026-01-24 18:35:42 [INFO] start_monitor
2026-01-24 18:39:22 [INFO] Global logger initialized
2026-01-24 18:39:22 [INFO] Global logger initialized
2026-01-24 18:39:22 [INFO] go_home
2026-01-24 18:39:22 [INFO] GUI started
2026-01-24 18:39:23 [INFO] go_rt
2026-01-24 18:39:23 [INFO] go_rt_setup
2026-01-24 18:39:24 [INFO] go_rt_menu
2026-01-24 18:39:24 [INFO] go_rt_menu
2026-01-24 18:39:25 [INFO] go_live_can_input
2026-01-24 18:39:25 [INFO] go_live_can_input
2026-01-24 18:39:26 [INFO] run_live_can
2026-01-24 18:39:26 [INFO] run_live_can
2026-01-24 18:39:26 [INFO] start_monitor
2026-01-24 18:49:33 [INFO] Global logger initialized
2026-01-24 18:49:33 [INFO] Global logger initialized
2026-01-24 18:49:33 [INFO] go_home
2026-01-24 18:49:33 [INFO] GUI started
2026-01-24 18:49:34 [INFO] go_rt
2026-01-24 18:49:34 [INFO] go_rt_setup
2026-01-24 18:49:35 [INFO] go_rt_menu
2026-01-24 18:49:35 [INFO] go_rt_menu
2026-01-24 18:49:36 [INFO] go_live_can_input
2026-01-24 18:49:36 [INFO] go_live_can_input
2026-01-24 18:49:39 [INFO] run_live_can
2026-01-24 18:49:39 [INFO] run_live_can
2026-01-24 18:49:39 [INFO] start_monitor
2026-01-24 18:49:43 [INFO] go_rt_menu
2026-01-24 18:49:43 [INFO] go_rt_menu
2026-01-24 18:49:45 [INFO] go_auto_detect
2026-01-24 18:49:45 [INFO] go_auto_detect
2026-01-24 18:49:46 [INFO] start_auto_detect
2026-01-24 18:49:46 [INFO] start_auto_detect
2026-01-24 18:49:49 [INFO] go_rt
2026-01-24 18:49:49 [INFO] go_rt_setup
2026-01-24 18:49:51 [INFO] go_rt_menu
2026-01-24 18:49:51 [INFO] go_rt_menu
2026-01-24 18:49:52 [INFO] go_replay_log_input
2026-01-24 18:49:52 [INFO] go_replay_log_input
2026-01-24 18:50:02 [INFO] run_replay_log
2026-01-24 18:50:02 [INFO] run_replay_log
2026-01-24 18:50:18 [INFO] start_replay
2026-01-24 18:50:46 [INFO] clear_output
2026-01-24 18:50:49 [INFO] go_rt_menu
2026-01-24 18:50:49 [INFO] go_rt_menu
2026-01-24 18:50:54 [INFO] go_home
2026-01-24 18:50:54 [INFO] go_home
2026-01-24 19:03:22 [INFO] Global logger initialized
2026-01-24 19:03:22 [INFO] Global logger initialized
2026-01-24 19:03:22 [INFO] go_home
2026-01-24 19:03:22 [INFO] GUI started
2026-01-24 19:03:23 [INFO] go_pp
2026-01-24 19:03:23 [INFO] go_pp
2026-01-24 19:03:38 [INFO] run_pp
2026-01-24 19:03:38 [INFO] run_pp
2026-01-24 19:04:45 [INFO] Global logger initialized
2026-01-24 19:04:45 [INFO] Global logger initialized
2026-01-24 19:04:45 [INFO] go_home
2026-01-24 19:04:45 [INFO] GUI started
2026-01-24 19:04:46 [INFO] go_pp
2026-01-24 19:04:46 [INFO] go_pp
2026-01-24 19:04:53 [INFO] run_pp
2026-01-24 19:04:53 [INFO] run_pp
2026-01-24 19:21:48 [INFO] go_pp
2026-01-24 19:21:51 [INFO] run_pp
2026-01-24 19:21:51 [INFO] run_pp
2026-01-24 19:28:31 [INFO] Global logger initialized
2026-01-24 19:28:31 [INFO] Global logger initialized
2026-01-24 19:28:31 [INFO] go_home
2026-01-24 19:28:31 [INFO] GUI started
2026-01-24 19:28:32 [INFO] go_pp
2026-01-24 19:28:32 [INFO] go_pp
2026-01-24 19:28:40 [INFO] run_pp
2026-01-24 19:28:40 [INFO] run_pp
2026-01-24 19:29:06 [INFO] Global logger initialized
2026-01-24 19:29:06 [INFO] Global logger initialized
2026-01-24 19:29:06 [INFO] go_home
2026-01-24 19:29:06 [INFO] GUI started
2026-01-24 19:29:07 [INFO] go_pp
2026-01-24 19:29:07 [INFO] go_pp
2026-01-24 19:29:12 [INFO] run_pp
2026-01-24 19:29:12 [INFO] run_pp
2026-01-24 19:30:30 [INFO] Global logger initialized
2026-01-24 19:30:30 [INFO] Global logger initialized
2026-01-24 19:30:31 [INFO] go_home
2026-01-24 19:30:31 [INFO] GUI started
2026-01-24 19:30:32 [INFO] go_pp
2026-01-24 19:30:32 [INFO] go_pp
2026-01-24 19:30:38 [INFO] run_pp
2026-01-24 19:30:38 [INFO] run_pp
2026-01-24 19:33:21 [INFO] Global logger initialized
2026-01-24 19:33:21 [INFO] Global logger initialized
2026-01-24 19:33:21 [INFO] go_home
2026-01-24 19:33:21 [INFO] GUI started
2026-01-24 19:33:23 [INFO] go_pp
2026-01-24 19:33:23 [INFO] go_pp
2026-01-24 19:33:30 [INFO] run_pp
2026-01-24 19:33:30 [INFO] run_pp
2026-01-24 19:33:39 [INFO] go_pp
2026-01-24 19:33:40 [INFO] go_home
2026-01-24 19:33:40 [INFO] go_home
2026-01-24 19:34:11 [INFO] Global logger initialized
2026-01-24 19:34:11 [INFO] Global logger initialized
2026-01-24 19:34:11 [INFO] go_home
2026-01-24 19:34:11 [INFO] GUI started
2026-01-24 19:34:15 [INFO] go_pp
2026-01-24 19:34:15 [INFO] go_pp
2026-01-24 19:34:24 [INFO] run_pp
2026-01-24 19:34:24 [INFO] run_pp
2026-01-24 19:37:35 [INFO] go_pp
2026-01-24 19:37:38 [INFO] run_pp
2026-01-24 19:37:38 [INFO] run_pp
2026-01-24 19:38:47 [INFO] go_pp
2026-01-24 19:38:51 [INFO] run_pp
2026-01-24 19:38:51 [INFO] run_pp
2026-01-24 19:38:58 [INFO] go_pp
2026-01-24 19:57:06 [INFO] Global logger initialized
2026-01-24 19:57:06 [INFO] Global logger initialized
2026-01-24 19:57:07 [INFO] go_home
2026-01-24 19:57:07 [INFO] GUI started
2026-01-24 19:57:09 [INFO] go_pp
2026-01-24 19:57:09 [INFO] go_pp
2026-01-24 19:57:16 [INFO] run_pp
2026-01-24 19:57:16 [INFO] run_pp
2026-01-24 19:59:05 [INFO] Global logger initialized
2026-01-24 19:59:05 [INFO] Global logger initialized
2026-01-24 19:59:06 [INFO] go_home
2026-01-24 19:59:06 [INFO] GUI started
2026-01-24 19:59:08 [INFO] go_pp
2026-01-24 19:59:08 [INFO] go_pp
2026-01-24 19:59:14 [INFO] run_pp
2026-01-24 19:59:14 [INFO] run_pp
2026-01-24 20:04:10 [INFO] Global logger initialized
2026-01-24 20:04:10 [INFO] Global logger initialized
2026-01-24 20:04:11 [INFO] go_home
2026-01-24 20:04:11 [INFO] GUI started
2026-01-24 20:04:12 [INFO] go_pp
2026-01-24 20:04:12 [INFO] go_pp
2026-01-24 20:04:23 [INFO] run_pp
2026-01-24 20:04:23 [INFO] run_pp
2026-01-24 20:04:39 [INFO] go_pp
2026-01-24 20:04:41 [INFO] go_home
2026-01-24 20:04:41 [INFO] go_home
2026-01-24 20:04:57 [INFO] Global logger initialized
2026-01-24 20:04:57 [INFO] Global logger initialized
2026-01-24 20:04:58 [INFO] go_home
2026-01-24 20:04:58 [INFO] GUI started
2026-01-24 20:05:00 [INFO] go_pp
2026-01-24 20:05:00 [INFO] go_pp
2026-01-24 20:05:07 [INFO] run_pp
2026-01-24 20:05:07 [INFO] run_pp
2026-01-24 20:07:00 [INFO] Global logger initialized
2026-01-24 20:07:00 [INFO] Global logger initialized
2026-01-24 20:07:00 [INFO] go_home
2026-01-24 20:07:00 [INFO] GUI started
2026-01-24 20:07:02 [INFO] go_pp
2026-01-24 20:07:02 [INFO] go_pp
2026-01-24 20:07:08 [INFO] run_pp
2026-01-24 20:07:08 [INFO] run_pp
2026-01-24 20:08:41 [INFO] Global logger initialized
2026-01-24 20:08:41 [INFO] Global logger initialized
2026-01-24 20:08:42 [INFO] go_home
2026-01-24 20:08:42 [INFO] GUI started
2026-01-24 20:08:43 [INFO] go_pp
2026-01-24 20:08:43 [INFO] go_pp
2026-01-24 20:08:49 [INFO] run_pp
2026-01-24 20:08:49 [INFO] run_pp
2026-01-24 20:09:47 [INFO] Global logger initialized
2026-01-24 20:09:47 [INFO] Global logger initialized
2026-01-24 20:09:48 [INFO] go_home
2026-01-24 20:09:48 [INFO] GUI started
2026-01-24 20:09:49 [INFO] go_pp
2026-01-24 20:09:49 [INFO] go_pp
2026-01-24 20:09:58 [INFO] run_pp
2026-01-24 20:09:58 [INFO] run_pp
2026-01-24 20:10:55 [INFO] go_pp
2026-01-24 20:10:58 [INFO] run_pp
2026-01-24 20:10:58 [INFO] run_pp
2026-01-24 20:11:38 [INFO] Global logger initialized
2026-01-24 20:11:38 [INFO] Global logger initialized
2026-01-24 20:11:38 [INFO] go_home
2026-01-24 20:11:38 [INFO] GUI started
2026-01-24 20:11:40 [INFO] go_pp
2026-01-24 20:11:40 [INFO] go_pp
2026-01-24 20:11:46 [INFO] run_pp
2026-01-24 20:11:46 [INFO] run_pp
2026-01-24 20:12:08 [INFO] go_pp
2026-01-24 20:12:10 [INFO] go_home
2026-01-24 20:12:10 [INFO] go_home
2026-01-24 20:14:58 [INFO] Global logger initialized
2026-01-24 20:14:58 [INFO] Global logger initialized
2026-01-24 20:14:58 [INFO] go_home
2026-01-24 20:14:58 [INFO] GUI started
2026-01-24 20:14:59 [INFO] go_pp
2026-01-24 20:14:59 [INFO] go_pp
2026-01-24 20:15:09 [INFO] run_pp
2026-01-24 20:15:09 [INFO] run_pp
2026-01-24 20:20:27 [INFO] go_pp
2026-01-24 20:27:50 [INFO] Global logger initialized
2026-01-24 20:27:50 [INFO] Global logger initialized
2026-01-24 20:27:51 [INFO] go_home
2026-01-24 20:27:51 [INFO] GUI started
2026-01-24 20:27:52 [INFO] go_pp
2026-01-24 20:27:52 [INFO] go_pp
2026-01-24 20:27:58 [INFO] run_pp
2026-01-24 20:27:58 [INFO] run_pp
2026-01-24 20:29:48 [INFO] Global logger initialized
2026-01-24 20:29:48 [INFO] Global logger initialized
2026-01-24 20:29:48 [INFO] go_home
2026-01-24 20:29:48 [INFO] GUI started
2026-01-24 20:29:50 [INFO] go_pp
2026-01-24 20:29:50 [INFO] go_pp
2026-01-24 20:30:30 [INFO] run_pp
2026-01-24 20:30:30 [INFO] run_pp
2026-01-24 20:32:04 [INFO] go_pp
2026-01-24 20:32:48 [INFO] Global logger initialized
2026-01-24 20:32:48 [INFO] Global logger initialized
2026-01-24 20:32:48 [INFO] go_home
2026-01-24 20:32:48 [INFO] GUI started
2026-01-24 20:32:49 [INFO] go_pp
2026-01-24 20:32:49 [INFO] go_pp
2026-01-24 20:33:13 [INFO] run_pp
2026-01-24 20:33:13 [INFO] run_pp
2026-01-24 20:36:15 [INFO] Global logger initialized
2026-01-24 20:36:15 [INFO] Global logger initialized
2026-01-24 20:36:15 [INFO] go_home
2026-01-24 20:36:15 [INFO] GUI started
2026-01-24 20:36:16 [INFO] go_pp
2026-01-24 20:36:16 [INFO] go_pp
2026-01-24 20:36:24 [INFO] run_pp
2026-01-24 20:36:24 [INFO] run_pp
2026-01-24 20:38:32 [INFO] Global logger initialized
2026-01-24 20:38:32 [INFO] Global logger initialized
2026-01-24 20:38:32 [INFO] go_home
2026-01-24 20:38:32 [INFO] GUI started
2026-01-24 20:38:34 [INFO] go_pp
2026-01-24 20:38:34 [INFO] go_pp
2026-01-24 20:39:02 [INFO] Global logger initialized
2026-01-24 20:39:02 [INFO] Global logger initialized
2026-01-24 20:39:02 [INFO] go_home
2026-01-24 20:39:02 [INFO] GUI started
2026-01-24 20:39:03 [INFO] go_pp
2026-01-24 20:39:03 [INFO] go_pp
2026-01-24 20:39:09 [INFO] run_pp
2026-01-24 20:39:09 [INFO] run_pp
2026-01-24 20:41:18 [INFO] Global logger initialized
2026-01-24 20:41:18 [INFO] Global logger initialized
2026-01-24 20:41:18 [INFO] go_home
2026-01-24 20:41:18 [INFO] GUI started
2026-01-24 20:41:19 [INFO] go_pp
2026-01-24 20:41:19 [INFO] go_pp
2026-01-24 20:41:27 [INFO] run_pp
2026-01-24 20:41:27 [INFO] run_pp
2026-01-24 20:56:33 [INFO] Global logger initialized
2026-01-24 20:56:33 [INFO] Global logger initialized
2026-01-24 20:56:33 [INFO] go_home
2026-01-24 20:56:33 [INFO] GUI started
2026-01-24 20:56:35 [INFO] go_rt
2026-01-24 20:56:35 [INFO] go_rt_setup
2026-01-24 20:56:35 [INFO] go_rt_menu
2026-01-24 20:56:35 [INFO] go_rt_menu
2026-01-24 20:56:38 [INFO] go_auto_detect
2026-01-24 20:56:38 [INFO] go_auto_detect
2026-01-24 20:56:45 [INFO] go_home
2026-01-24 21:18:07 [INFO] Global logger initialized
2026-01-24 21:18:07 [INFO] Global logger initialized
2026-01-24 21:20:52 [INFO] Global logger initialized
2026-01-24 21:20:52 [INFO] Global logger initialized
2026-01-24 21:20:53 [WARNING] GsUsbBus was not properly shut down
2026-01-24 21:21:21 [INFO] Global logger initialized
2026-01-24 21:21:21 [INFO] Global logger initialized
2026-01-24 21:21:21 [WARNING] GsUsbBus was not properly shut down
2026-01-24 21:22:03 [INFO] Global logger initialized
2026-01-24 21:22:03 [INFO] Global logger initialized
2026-01-24 21:22:18 [INFO] Global logger initialized
2026-01-24 21:22:18 [INFO] Global logger initialized
2026-01-24 21:22:54 [INFO] Global logger initialized
2026-01-24 21:22:54 [INFO] Global logger initialized
2026-01-24 21:23:23 [INFO] Global logger initialized
2026-01-24 21:23:23 [INFO] Global logger initialized
2026-01-24 21:23:23 [INFO] go_home
2026-01-24 21:23:23 [INFO] GUI started
2026-01-24 21:23:27 [INFO] go_pp
2026-01-24 21:23:27 [INFO] go_pp
2026-01-24 21:23:39 [INFO] Global logger initialized
2026-01-24 21:23:39 [INFO] Global logger initialized
2026-01-24 21:23:40 [WARNING] GsUsbBus was not properly shut down
2026-01-24 21:23:55 [INFO] Global logger initialized
2026-01-24 21:23:55 [INFO] Global logger initialized
2026-01-24 21:23:55 [WARNING] GsUsbBus was not properly shut down
2026-01-24 21:24:07 [INFO] Global logger initialized
2026-01-24 21:24:07 [INFO] Global logger initialized
2026-01-24 21:24:07 [WARNING] GsUsbBus was not properly shut down
2026-01-24 21:26:56 [INFO] Global logger initialized
2026-01-24 21:26:56 [INFO] Global logger initialized
2026-01-24 21:26:57 [WARNING] GsUsbBus was not properly shut down
2026-01-24 21:29:08 [INFO] Global logger initialized
2026-01-24 21:29:08 [INFO] Global logger initialized
2026-01-24 21:31:37 [INFO] Global logger initialized
2026-01-24 21:31:37 [INFO] Global logger initialized
2026-01-24 21:34:34 [INFO] Global logger initialized
2026-01-24 21:34:34 [INFO] Global logger initialized
2026-01-24 21:34:35 [INFO] GUI started
2026-01-24 21:40:01 [INFO] Global logger initialized
2026-01-24 21:40:01 [INFO] Global logger initialized
2026-01-24 21:40:01 [INFO] GUI started
2026-01-24 21:41:35 [INFO] Global logger initialized
2026-01-24 21:41:35 [INFO] Global logger initialized
2026-01-24 21:41:35 [INFO] GUI started
2026-01-24 21:43:23 [INFO] Global logger initialized
2026-01-24 21:43:23 [INFO] Global logger initialized
2026-01-24 21:43:24 [INFO] GUI started
2026-01-24 21:44:21 [INFO] Global logger initialized
2026-01-24 21:44:21 [INFO] Global logger initialized
2026-01-24 21:44:21 [INFO] GUI started
2026-01-24 21:45:03 [INFO] Global logger initialized
2026-01-24 21:45:03 [INFO] Global logger initialized
2026-01-24 21:45:03 [INFO] GUI started
2026-01-24 21:46:23 [INFO] Global logger initialized
2026-01-24 21:46:23 [INFO] Global logger initialized
2026-01-24 21:46:23 [INFO] GUI started
2026-01-24 21:49:01 [INFO] Global logger initialized
2026-01-24 21:49:01 [INFO] Global logger initialized
2026-01-24 21:49:01 [INFO] GUI started
2026-01-24 21:51:06 [INFO] Global logger initialized
2026-01-24 21:51:06 [INFO] Global logger initialized
2026-01-24 21:51:07 [INFO] GUI started
2026-01-24 21:52:35 [INFO] Global logger initialized
2026-01-24 21:52:35 [INFO] Global logger initialized
2026-01-24 21:52:36 [INFO] GUI started
2026-01-24 21:55:02 [INFO] Global logger initialized
2026-01-24 21:55:02 [INFO] Global logger initialized
2026-01-24 21:55:02 [INFO] GUI started
2026-01-24 21:55:40 [INFO] Global logger initialized
2026-01-24 21:55:40 [INFO] Global logger initialized
2026-01-24 21:55:40 [INFO] GUI started
2026-01-24 21:56:31 [INFO] Global logger initialized
2026-01-24 21:56:31 [INFO] Global logger initialized
2026-01-24 21:56:31 [INFO] GUI started
2026-01-24 21:57:24 [INFO] Global logger initialized
2026-01-24 21:57:24 [INFO] Global logger initialized
2026-01-24 21:57:25 [INFO] GUI started
2026-01-24 21:57:36 [INFO] Global logger initialized
2026-01-24 21:57:36 [INFO] Global logger initialized
2026-01-24 21:57:36 [INFO] GUI started
2026-01-24 21:58:16 [INFO] Global logger initialized
2026-01-24 21:58:16 [INFO] Global logger initialized
2026-01-24 21:58:16 [INFO] GUI started
2026-01-24 22:00:57 [INFO] Global logger initialized
2026-01-24 22:00:57 [INFO] Global logger initialized
2026-01-24 22:00:57 [INFO] GUI started
2026-01-24 22:02:12 [INFO] Global logger initialized
2026-01-24 22:02:12 [INFO] Global logger initialized
2026-01-24 22:02:12 [INFO] GUI started
